TN:
SF:contracts/AlphaAMLBridge.sol
DA:122,19
FN:122,AlphaAMLBridge.onlyWhitelisted
FNDA:19,AlphaAMLBridge.onlyWhitelisted
DA:123,19
BRDA:123,0,0,1
BRDA:123,0,1,18
DA:124,18
BRDA:124,1,0,1
BRDA:124,1,1,17
DA:129,10
FN:129,AlphaAMLBridge.onlyOracle
FNDA:10,AlphaAMLBridge.onlyOracle
DA:130,10
BRDA:130,2,0,1
BRDA:130,2,1,9
DA:142,77
FN:142,AlphaAMLBridge.constructor
FNDA:77,AlphaAMLBridge.constructor
DA:151,76
BRDA:151,3,0,1
BRDA:151,3,1,75
DA:152,75
BRDA:152,4,0,1
BRDA:152,4,1,74
DA:153,74
BRDA:153,5,0,1
BRDA:153,5,1,73
DA:154,73
BRDA:154,6,0,1
BRDA:154,6,1,72
DA:155,72
DA:156,72
DA:157,72
DA:158,72
DA:173,19
FN:173,AlphaAMLBridge.initiate
FNDA:19,AlphaAMLBridge.initiate
DA:178,17
BRDA:178,7,0,1
BRDA:178,7,1,16
DA:179,16
BRDA:179,8,0,1
BRDA:179,8,1,15
DA:180,15
BRDA:180,9,0,1
BRDA:180,9,1,14
DA:182,14
DA:186,14
DA:190,14
DA:191,14
DA:193,14
DA:194,14
DA:195,14
DA:196,14
DA:197,14
DA:198,14
DA:199,14
DA:200,14
DA:201,14
DA:204,14
DA:207,14
DA:209,14
DA:218,8
FN:218,AlphaAMLBridge.cancel
FNDA:8,AlphaAMLBridge.cancel
DA:219,8
DA:220,8
BRDA:220,10,0,1
BRDA:220,10,1,7
DA:221,7
BRDA:221,11,0,3
BRDA:221,11,1,4
DA:223,4
DA:226,4
DA:228,4
DA:237,9
FN:237,AlphaAMLBridge.execute
FNDA:9,AlphaAMLBridge.execute
DA:238,9
DA:239,9
BRDA:239,12,0,3
BRDA:239,12,1,6
DA:240,6
DA:244,6
DA:245,5
BRDA:245,13,0,5
BRDA:245,13,1,1
DA:247,5
DA:248,5
DA:251,1
DA:254,6
DA:266,10
FN:266,AlphaAMLBridge.setRiskScore
FNDA:10,AlphaAMLBridge.setRiskScore
DA:270,9
DA:271,9
BRDA:271,14,0,1
BRDA:271,14,1,8
DA:272,8
DA:273,8
DA:274,8
DA:285,2
FN:285,AlphaAMLBridge.setOracle
FNDA:2,AlphaAMLBridge.setOracle
DA:286,1
BRDA:286,15,0,-
BRDA:286,15,1,1
DA:287,1
DA:288,1
DA:289,1
DA:296,2
FN:296,AlphaAMLBridge.setGasDeposit
FNDA:2,AlphaAMLBridge.setGasDeposit
DA:297,1
DA:298,1
DA:299,1
DA:306,3
FN:306,AlphaAMLBridge.setFeeRecipient
FNDA:3,AlphaAMLBridge.setFeeRecipient
DA:307,2
BRDA:307,16,0,1
BRDA:307,16,1,1
DA:308,1
DA:309,1
DA:310,1
DA:317,3
FN:317,AlphaAMLBridge.setGasPaymentsRecipient
FNDA:3,AlphaAMLBridge.setGasPaymentsRecipient
DA:318,2
BRDA:318,17,0,1
BRDA:318,17,1,1
DA:319,1
DA:320,1
DA:321,1
DA:328,3
FN:328,AlphaAMLBridge.setFeeBP
FNDA:3,AlphaAMLBridge.setFeeBP
DA:329,2
BRDA:329,18,0,1
BRDA:329,18,1,1
DA:330,1
DA:331,1
DA:332,1
DA:339,3
FN:339,AlphaAMLBridge.setRiskThreshold
FNDA:3,AlphaAMLBridge.setRiskThreshold
DA:340,2
BRDA:340,19,0,1
BRDA:340,19,1,1
DA:341,1
DA:342,1
DA:350,78
FN:350,AlphaAMLBridge.setSupportedToken
FNDA:78,AlphaAMLBridge.setSupportedToken
DA:351,77
BRDA:351,20,0,1
BRDA:351,20,1,76
DA:352,76
BRDA:352,21,0,1
BRDA:352,21,1,75
DA:353,75
DA:354,75
DA:362,5
FN:362,AlphaAMLBridge.setSupportedTokenBatch
FNDA:5,AlphaAMLBridge.setSupportedTokenBatch
DA:363,4
BRDA:363,22,0,1
BRDA:363,22,1,3
DA:364,3
DA:365,6
BRDA:365,23,0,1
BRDA:365,23,1,5
DA:366,5
BRDA:366,24,0,3
DA:368,3
DA:370,3
DA:372,2
DA:373,2
DA:375,2
DA:384,76
FN:384,AlphaAMLBridge.addToSendersWhitelist
FNDA:76,AlphaAMLBridge.addToSendersWhitelist
DA:385,75
BRDA:385,25,0,1
BRDA:385,25,1,74
DA:386,74
BRDA:386,26,0,1
BRDA:386,26,1,73
DA:387,73
DA:388,73
DA:395,76
FN:395,AlphaAMLBridge.addToRecipientsWhitelist
FNDA:76,AlphaAMLBridge.addToRecipientsWhitelist
DA:396,75
BRDA:396,27,0,1
BRDA:396,27,1,74
DA:397,74
BRDA:397,28,0,1
BRDA:397,28,1,73
DA:398,73
DA:399,73
DA:406,4
FN:406,AlphaAMLBridge.addToSendersWhitelistBatch
FNDA:4,AlphaAMLBridge.addToSendersWhitelistBatch
DA:407,3
DA:408,4
BRDA:408,29,0,1
BRDA:408,29,1,3
DA:409,3
BRDA:409,30,0,1
DA:411,1
DA:413,1
DA:415,2
DA:416,2
DA:418,2
DA:427,4
FN:427,AlphaAMLBridge.addToRecipientsWhitelistBatch
FNDA:4,AlphaAMLBridge.addToRecipientsWhitelistBatch
DA:428,3
DA:429,4
BRDA:429,31,0,1
BRDA:429,31,1,3
DA:430,3
BRDA:430,32,0,1
DA:432,1
DA:434,1
DA:436,2
DA:437,2
DA:439,2
DA:448,4
FN:448,AlphaAMLBridge.clearSendersWhitelist
FNDA:4,AlphaAMLBridge.clearSendersWhitelist
DA:449,3
DA:450,3
BRDA:450,33,0,1
DA:452,1
DA:454,1
DA:456,2
DA:457,2
DA:459,2
DA:468,4
FN:468,AlphaAMLBridge.clearRecipientsWhitelist
FNDA:4,AlphaAMLBridge.clearRecipientsWhitelist
DA:469,3
DA:470,3
BRDA:470,34,0,1
DA:472,1
DA:474,1
DA:476,2
DA:477,2
DA:479,2
DA:493,5
FN:493,AlphaAMLBridge.supportedTokens
FNDA:5,AlphaAMLBridge.supportedTokens
DA:494,5
DA:501,1
FN:501,AlphaAMLBridge.supportedTokensLength
FNDA:1,AlphaAMLBridge.supportedTokensLength
DA:502,1
DA:509,1
FN:509,AlphaAMLBridge.getSupportedTokens
FNDA:1,AlphaAMLBridge.getSupportedTokens
DA:510,1
DA:520,1
FN:520,AlphaAMLBridge.getSupportedTokensWithIndices
FNDA:1,AlphaAMLBridge.getSupportedTokensWithIndices
DA:521,1
DA:522,1
DA:523,1
DA:524,1
DA:526,1
DA:536,7
FN:536,AlphaAMLBridge.sendersWhitelist
FNDA:7,AlphaAMLBridge.sendersWhitelist
DA:537,7
DA:545,7
FN:545,AlphaAMLBridge.recipientsWhitelist
FNDA:7,AlphaAMLBridge.recipientsWhitelist
DA:546,7
DA:553,1
FN:553,AlphaAMLBridge.sendersWhitelistLength
FNDA:1,AlphaAMLBridge.sendersWhitelistLength
DA:554,1
DA:561,1
FN:561,AlphaAMLBridge.recipientsWhitelistLength
FNDA:1,AlphaAMLBridge.recipientsWhitelistLength
DA:562,1
DA:569,1
FN:569,AlphaAMLBridge.getSendersWhitelist
FNDA:1,AlphaAMLBridge.getSendersWhitelist
DA:570,1
DA:577,1
FN:577,AlphaAMLBridge.getRecipientWhitelist
FNDA:1,AlphaAMLBridge.getRecipientWhitelist
DA:578,1
DA:588,1
FN:588,AlphaAMLBridge.getSendersWhitelistWithIndices
FNDA:1,AlphaAMLBridge.getSendersWhitelistWithIndices
DA:589,1
DA:590,1
DA:591,1
DA:592,1
DA:594,1
DA:606,1
FN:606,AlphaAMLBridge.getRecipientsWhitelistWithIndices
FNDA:1,AlphaAMLBridge.getRecipientsWhitelistWithIndices
DA:607,1
DA:608,1
DA:609,1
DA:610,1
DA:612,1
DA:617,18
FN:617,AlphaAMLBridge.requests
FNDA:18,AlphaAMLBridge.requests
DA:618,18
FNF:34
FNH:34
LF:182
LH:182
BRF:65
BRH:64
end_of_record
TN:
SF:test/multisig/Safe.sol
DA:14,144
FN:14,Safe.constructor
FNDA:144,Safe.constructor
DA:15,144
FNF:1
FNH:1
LF:2
LH:2
BRF:0
BRH:0
end_of_record
TN:
SF:test/tokens/MockERC20.sol
DA:9,72
FN:9,MockERC20.mint
FNDA:72,MockERC20.mint
DA:10,72
FNF:1
FNH:1
LF:2
LH:2
BRF:0
BRH:0
end_of_record
